#################################################################
# If you used AutoDock Vina in your work, please cite:          #
#                                                               #
# O. Trott, A. J. Olson,                                        #
# AutoDock Vina: improving the speed and accuracy of docking    #
# with a new scoring function, efficient optimization and       #
# multithreading, Journal of Computational Chemistry 31 (2010)  #
# 455-461                                                       #
#                                                               #
# DOI 10.1002/jcc.21334                                         #
#                                                               #
# Please see http://vina.scripps.edu for more information.      #
#################################################################

WARNING: The search space volume > 27000 Angstrom^3 (See FAQ)
Output will be QSAR_acet_CF3_out.pdbqt
Detected 8 CPUs
Reading input ... done.
Setting up the scoring function ... done.
Analyzing the binding site ... done.
Using random seed: -482319896
Performing search ... done.
Refining results ... done.

mode |   affinity | dist from best mode
     | (kcal/mol) | rmsd l.b.| rmsd u.b.
-----+------------+----------+----------
   1        -10.9      0.000      0.000
   2        -10.5      4.370      8.488
   3        -10.4      4.075      5.997
   4         -9.4      4.875      9.172
   5         -8.9      5.555     10.612
   6         -8.7      6.200     10.867
   7         -8.6      6.624     11.576
   8         -8.4      6.949     11.728
   9         -8.4      5.877     10.680
  10         -8.2      7.227     10.125
Writing output ... done.
