#################################################################
# If you used AutoDock Vina in your work, please cite:          #
#                                                               #
# O. Trott, A. J. Olson,                                        #
# AutoDock Vina: improving the speed and accuracy of docking    #
# with a new scoring function, efficient optimization and       #
# multithreading, Journal of Computational Chemistry 31 (2010)  #
# 455-461                                                       #
#                                                               #
# DOI 10.1002/jcc.21334                                         #
#                                                               #
# Please see http://vina.scripps.edu for more information.      #
#################################################################

WARNING: The search space volume > 27000 Angstrom^3 (See FAQ)
Output will be QSAR_benz_CH3_out.pdbqt
Detected 8 CPUs
Reading input ... done.
Setting up the scoring function ... done.
Analyzing the binding site ... done.
Using random seed: 55578540
Performing search ... done.
Refining results ... done.

mode |   affinity | dist from best mode
     | (kcal/mol) | rmsd l.b.| rmsd u.b.
-----+------------+----------+----------
   1        -10.1      0.000      0.000
   2        -10.1      2.398      7.268
   3        -10.0      1.236      1.812
   4         -9.6      1.352      6.997
   5         -9.4      1.164      2.049
   6         -9.3      2.317      6.988
   7         -9.0      1.446      2.606
   8         -8.7      2.796      4.871
   9         -8.5      2.446      4.487
  10         -8.4      2.341      7.978
Writing output ... done.
