#################################################################
# If you used AutoDock Vina in your work, please cite:          #
#                                                               #
# O. Trott, A. J. Olson,                                        #
# AutoDock Vina: improving the speed and accuracy of docking    #
# with a new scoring function, efficient optimization and       #
# multithreading, Journal of Computational Chemistry 31 (2010)  #
# 455-461                                                       #
#                                                               #
# DOI 10.1002/jcc.21334                                         #
#                                                               #
# Please see http://vina.scripps.edu for more information.      #
#################################################################

WARNING: The search space volume > 27000 Angstrom^3 (See FAQ)
Output will be QSAR_acet_OMe_out.pdbqt
Detected 8 CPUs
Reading input ... done.
Setting up the scoring function ... done.
Analyzing the binding site ... done.
Using random seed: 2087104104
Performing search ... done.
Refining results ... done.

mode |   affinity | dist from best mode
     | (kcal/mol) | rmsd l.b.| rmsd u.b.
-----+------------+----------+----------
   1         -9.8      0.000      0.000
   2         -9.8      1.287      1.866
   3         -9.6      3.556      8.098
   4         -9.2      2.718      4.232
   5         -9.2      3.789      8.719
   6         -8.4      4.372      9.343
   7         -8.2      3.212      5.449
   8         -7.9      4.122      7.115
   9         -7.8      5.964     11.281
  10         -7.8      4.738      7.948
Writing output ... done.
