#################################################################
# If you used AutoDock Vina in your work, please cite:          #
#                                                               #
# O. Trott, A. J. Olson,                                        #
# AutoDock Vina: improving the speed and accuracy of docking    #
# with a new scoring function, efficient optimization and       #
# multithreading, Journal of Computational Chemistry 31 (2010)  #
# 455-461                                                       #
#                                                               #
# DOI 10.1002/jcc.21334                                         #
#                                                               #
# Please see http://vina.scripps.edu for more information.      #
#################################################################

WARNING: The search space volume > 27000 Angstrom^3 (See FAQ)
Output will be QSAR_benz_F_out.pdbqt
Detected 8 CPUs
Reading input ... done.
Setting up the scoring function ... done.
Analyzing the binding site ... done.
Using random seed: -1389132188
Performing search ... done.
Refining results ... done.

mode |   affinity | dist from best mode
     | (kcal/mol) | rmsd l.b.| rmsd u.b.
-----+------------+----------+----------
   1         -9.9      0.000      0.000
   2         -9.8      3.217      7.141
   3         -9.7      1.668      2.326
   4         -9.6      1.313      2.102
   5         -9.2      3.269      6.967
   6         -8.9      3.639      6.937
   7         -8.8      3.629      7.100
   8         -8.3      2.794      4.577
   9         -8.3     21.221     23.886
  10         -8.2      2.611      4.225
Writing output ... done.
