#################################################################
# If you used AutoDock Vina in your work, please cite:          #
#                                                               #
# O. Trott, A. J. Olson,                                        #
# AutoDock Vina: improving the speed and accuracy of docking    #
# with a new scoring function, efficient optimization and       #
# multithreading, Journal of Computational Chemistry 31 (2010)  #
# 455-461                                                       #
#                                                               #
# DOI 10.1002/jcc.21334                                         #
#                                                               #
# Please see http://vina.scripps.edu for more information.      #
#################################################################

WARNING: The search space volume > 27000 Angstrom^3 (See FAQ)
Output will be QSAR_benz_NR2_out.pdbqt
Detected 8 CPUs
Reading input ... done.
Setting up the scoring function ... done.
Analyzing the binding site ... done.
Using random seed: -2129397752
Performing search ... done.
Refining results ... done.

mode |   affinity | dist from best mode
     | (kcal/mol) | rmsd l.b.| rmsd u.b.
-----+------------+----------+----------
   1         -9.9      0.000      0.000
   2         -9.7      3.306      7.750
   3         -9.2      3.341      8.097
   4         -9.2      1.667      2.619
   5         -9.2      3.235      7.823
   6         -9.1      3.133      8.069
   7         -8.5      3.428      5.532
   8         -8.3      3.799      9.272
   9         -8.3      5.656      8.953
  10         -8.1      4.126      6.529
Writing output ... done.
