#################################################################
# If you used AutoDock Vina in your work, please cite:          #
#                                                               #
# O. Trott, A. J. Olson,                                        #
# AutoDock Vina: improving the speed and accuracy of docking    #
# with a new scoring function, efficient optimization and       #
# multithreading, Journal of Computational Chemistry 31 (2010)  #
# 455-461                                                       #
#                                                               #
# DOI 10.1002/jcc.21334                                         #
#                                                               #
# Please see http://vina.scripps.edu for more information.      #
#################################################################

WARNING: The search space volume > 27000 Angstrom^3 (See FAQ)
Output will be Chalcone-TCO_out.pdbqt
Detected 8 CPUs
Reading input ... done.
Setting up the scoring function ... done.
Analyzing the binding site ... done.
Using random seed: -1673228676
Performing search ... done.
Refining results ... done.

mode |   affinity | dist from best mode
     | (kcal/mol) | rmsd l.b.| rmsd u.b.
-----+------------+----------+----------
   1         -9.3      0.000      0.000
   2         -9.1      5.700      7.644
   3         -9.0      3.397      5.439
   4         -8.7      4.264      8.454
   5         -8.6      5.407      8.266
   6         -8.5     21.861     26.595
   7         -8.2      5.608      8.238
   8         -8.0      4.813      8.118
   9         -8.0      4.770      8.499
  10         -7.9     31.408     33.939
  11         -7.4      5.534      7.789
  12         -7.3      6.079      8.691
  13         -7.3     15.693     20.546
  14         -7.2     22.940     26.678
  15         -7.2      4.768      7.983
  16         -7.1     16.504     18.973
  17         -6.9     23.262     27.365
  18         -6.6     26.522     29.136
  19         -6.6     34.699     36.326
  20         -6.5     34.028     37.535
Writing output ... done.
