#################################################################
# If you used AutoDock Vina in your work, please cite:          #
#                                                               #
# O. Trott, A. J. Olson,                                        #
# AutoDock Vina: improving the speed and accuracy of docking    #
# with a new scoring function, efficient optimization and       #
# multithreading, Journal of Computational Chemistry 31 (2010)  #
# 455-461                                                       #
#                                                               #
# DOI 10.1002/jcc.21334                                         #
#                                                               #
# Please see http://vina.scripps.edu for more information.      #
#################################################################

WARNING: The search space volume > 27000 Angstrom^3 (See FAQ)
Output will be Chalcone-TCO_out.pdbqt
Detected 8 CPUs
Reading input ... done.
Setting up the scoring function ... done.
Analyzing the binding site ... done.
Using random seed: 2051758176
Performing search ... done.
Refining results ... done.

mode |   affinity | dist from best mode
     | (kcal/mol) | rmsd l.b.| rmsd u.b.
-----+------------+----------+----------
   1        -13.5      0.000      0.000
   2        -12.9      3.718      9.471
   3        -12.8      3.461      8.799
   4        -12.7      1.911      2.499
   5        -12.4      4.460      9.996
   6        -10.4     23.124     25.792
   7        -10.4      4.646      9.979
   8        -10.2      5.679     10.571
   9        -10.1      5.593     10.392
  10        -10.0      7.181     10.870
Writing output ... done.
