#################################################################
# If you used AutoDock Vina in your work, please cite:          #
#                                                               #
# O. Trott, A. J. Olson,                                        #
# AutoDock Vina: improving the speed and accuracy of docking    #
# with a new scoring function, efficient optimization and       #
# multithreading, Journal of Computational Chemistry 31 (2010)  #
# 455-461                                                       #
#                                                               #
# DOI 10.1002/jcc.21334                                         #
#                                                               #
# Please see http://vina.scripps.edu for more information.      #
#################################################################

WARNING: The search space volume > 27000 Angstrom^3 (See FAQ)
Output will be Lig3_out.pdbqt
Detected 8 CPUs
Reading input ... done.
Setting up the scoring function ... done.
Analyzing the binding site ... done.
Using random seed: 786055264
Performing search ... done.
Refining results ... done.

mode |   affinity | dist from best mode
     | (kcal/mol) | rmsd l.b.| rmsd u.b.
-----+------------+----------+----------
   1        -10.3      0.000      0.000
   2        -10.2      2.540      3.812
   3         -9.9      2.127      7.787
   4         -9.9      2.664      7.857
   5         -9.8      2.345      2.691
   6         -9.7      2.636      3.514
   7         -9.4      2.888      4.468
   8         -9.1      2.025      8.143
   9         -9.1      2.901      5.064
  10         -9.0      1.962      8.205
Writing output ... done.
