#################################################################
# If you used AutoDock Vina in your work, please cite:          #
#                                                               #
# O. Trott, A. J. Olson,                                        #
# AutoDock Vina: improving the speed and accuracy of docking    #
# with a new scoring function, efficient optimization and       #
# multithreading, Journal of Computational Chemistry 31 (2010)  #
# 455-461                                                       #
#                                                               #
# DOI 10.1002/jcc.21334                                         #
#                                                               #
# Please see http://vina.scripps.edu for more information.      #
#################################################################

WARNING: The search space volume > 27000 Angstrom^3 (See FAQ)
Output will be Lig8_out.pdbqt
Detected 8 CPUs
Reading input ... done.
Setting up the scoring function ... done.
Analyzing the binding site ... done.
Using random seed: -1694975920
Performing search ... done.
Refining results ... done.

mode |   affinity | dist from best mode
     | (kcal/mol) | rmsd l.b.| rmsd u.b.
-----+------------+----------+----------
   1        -10.0      0.000      0.000
   2        -10.0      1.526      1.722
   3         -9.5      2.526      4.002
   4         -9.3      0.954      1.982
   5         -9.0      1.696      7.313
   6         -8.9      1.591      7.818
   7         -8.8      1.641      7.868
   8         -8.8      1.634      2.118
   9         -8.7      2.804      4.380
  10         -8.3      3.323      5.549
Writing output ... done.
