#################################################################
# If you used AutoDock Vina in your work, please cite:          #
#                                                               #
# O. Trott, A. J. Olson,                                        #
# AutoDock Vina: improving the speed and accuracy of docking    #
# with a new scoring function, efficient optimization and       #
# multithreading, Journal of Computational Chemistry 31 (2010)  #
# 455-461                                                       #
#                                                               #
# DOI 10.1002/jcc.21334                                         #
#                                                               #
# Please see http://vina.scripps.edu for more information.      #
#################################################################

WARNING: The search space volume > 27000 Angstrom^3 (See FAQ)
Output will be Lig9_out.pdbqt
Detected 8 CPUs
Reading input ... done.
Setting up the scoring function ... done.
Analyzing the binding site ... done.
Using random seed: 1821701696
Performing search ... done.
Refining results ... done.

mode |   affinity | dist from best mode
     | (kcal/mol) | rmsd l.b.| rmsd u.b.
-----+------------+----------+----------
   1        -11.5      0.000      0.000
   2        -10.2      1.947      3.031
   3         -9.3      3.808     11.318
   4         -9.2      1.660      2.865
   5         -9.0     22.982     24.995
   6         -8.7      4.920     12.778
   7         -8.5     22.828     24.552
   8         -8.0     23.581     26.674
   9         -7.9      5.573     11.425
  10         -7.8     24.427     27.172
Writing output ... done.
