#################################################################
# If you used AutoDock Vina in your work, please cite:          #
#                                                               #
# O. Trott, A. J. Olson,                                        #
# AutoDock Vina: improving the speed and accuracy of docking    #
# with a new scoring function, efficient optimization and       #
# multithreading, Journal of Computational Chemistry 31 (2010)  #
# 455-461                                                       #
#                                                               #
# DOI 10.1002/jcc.21334                                         #
#                                                               #
# Please see http://vina.scripps.edu for more information.      #
#################################################################

WARNING: The search space volume > 27000 Angstrom^3 (See FAQ)
Output will be no_CO_CH2_out.pdbqt
Detected 8 CPUs
Reading input ... done.
Setting up the scoring function ... done.
Analyzing the binding site ... done.
Using random seed: 362669252
Performing search ... done.
Refining results ... done.

mode |   affinity | dist from best mode
     | (kcal/mol) | rmsd l.b.| rmsd u.b.
-----+------------+----------+----------
   1        -10.1      0.000      0.000
   2         -9.6      1.162      2.687
   3         -9.5      1.385      6.584
   4         -9.2      1.263      6.539
   5         -9.2      1.118      2.116
   6         -8.4      2.500      7.963
   7         -8.3      1.679      3.114
   8         -8.2      3.828      8.274
   9         -8.2      2.136      7.497
  10         -8.1     20.904     24.420
Writing output ... done.
