#################################################################
# If you used AutoDock Vina in your work, please cite:          #
#                                                               #
# O. Trott, A. J. Olson,                                        #
# AutoDock Vina: improving the speed and accuracy of docking    #
# with a new scoring function, efficient optimization and       #
# multithreading, Journal of Computational Chemistry 31 (2010)  #
# 455-461                                                       #
#                                                               #
# DOI 10.1002/jcc.21334                                         #
#                                                               #
# Please see http://vina.scripps.edu for more information.      #
#################################################################

WARNING: The search space volume > 27000 Angstrom^3 (See FAQ)
Output will be NovelLig1_1_out.pdbqt
Detected 8 CPUs
Reading input ... done.
Setting up the scoring function ... done.
Analyzing the binding site ... done.
Using random seed: 114353184
Performing search ... done.
Refining results ... done.

mode |   affinity | dist from best mode
     | (kcal/mol) | rmsd l.b.| rmsd u.b.
-----+------------+----------+----------
   1        -12.1      0.000      0.000
   2        -12.1      2.162      3.489
   3        -11.7      3.840      5.884
   4        -11.5      4.118      6.363
   5        -11.4      3.423      5.412
   6        -11.2      5.646      9.119
   7        -11.1     24.885     27.101
   8        -10.7      2.889      4.397
   9        -10.7      7.863     11.020
  10        -10.4      4.910      7.203
Writing output ... done.
