#################################################################
# If you used AutoDock Vina in your work, please cite:          #
#                                                               #
# O. Trott, A. J. Olson,                                        #
# AutoDock Vina: improving the speed and accuracy of docking    #
# with a new scoring function, efficient optimization and       #
# multithreading, Journal of Computational Chemistry 31 (2010)  #
# 455-461                                                       #
#                                                               #
# DOI 10.1002/jcc.21334                                         #
#                                                               #
# Please see http://vina.scripps.edu for more information.      #
#################################################################

WARNING: The search space volume > 27000 Angstrom^3 (See FAQ)
Output will be NovelLig1_5_out.pdbqt
Detected 8 CPUs
Reading input ... done.
Setting up the scoring function ... done.
Analyzing the binding site ... done.
Using random seed: -1111876880
Performing search ... done.
Refining results ... done.

mode |   affinity | dist from best mode
     | (kcal/mol) | rmsd l.b.| rmsd u.b.
-----+------------+----------+----------
   1        -12.1      0.000      0.000
   2        -11.6      3.620      5.602
   3        -11.3      5.405      9.189
   4        -11.0     24.710     26.951
   5        -10.6      7.886     11.381
   6        -10.6      6.082      9.726
   7        -10.5      5.181      6.993
   8        -10.4     25.400     28.139
   9        -10.1     25.878     29.001
  10        -10.0     25.036     27.011
Writing output ... done.
