#################################################################
# If you used AutoDock Vina in your work, please cite:          #
#                                                               #
# O. Trott, A. J. Olson,                                        #
# AutoDock Vina: improving the speed and accuracy of docking    #
# with a new scoring function, efficient optimization and       #
# multithreading, Journal of Computational Chemistry 31 (2010)  #
# 455-461                                                       #
#                                                               #
# DOI 10.1002/jcc.21334                                         #
#                                                               #
# Please see http://vina.scripps.edu for more information.      #
#################################################################

WARNING: The search space volume > 27000 Angstrom^3 (See FAQ)
Output will be NovelLig1_1_out.pdbqt
Detected 8 CPUs
Reading input ... done.
Setting up the scoring function ... done.
Analyzing the binding site ... done.
Using random seed: 699479088
Performing search ... done.
Refining results ... done.

mode |   affinity | dist from best mode
     | (kcal/mol) | rmsd l.b.| rmsd u.b.
-----+------------+----------+----------
   1         -9.5      0.000      0.000
   2         -9.2     27.160     30.265
   3         -9.0      5.112      8.001
   4         -8.4     20.966     23.585
   5         -8.2     24.280     26.723
   6         -8.0     22.279     24.217
   7         -8.0     19.034     21.607
   8         -7.9     19.681     21.910
   9         -7.6     19.923     23.202
  10         -7.5     34.827     37.322
  11         -7.5     29.729     32.121
  12         -7.4     36.347     39.772
  13         -7.3     28.385     30.435
  14         -7.3     22.939     25.671
  15         -7.2     31.208     34.050
  16         -7.0     44.287     46.449
  17         -7.0     31.400     33.982
  18         -6.5     20.127     23.906
  19         -6.3     15.061     16.906
  20         -6.3     36.183     40.256
Writing output ... done.
