#################################################################
# If you used AutoDock Vina in your work, please cite:          #
#                                                               #
# O. Trott, A. J. Olson,                                        #
# AutoDock Vina: improving the speed and accuracy of docking    #
# with a new scoring function, efficient optimization and       #
# multithreading, Journal of Computational Chemistry 31 (2010)  #
# 455-461                                                       #
#                                                               #
# DOI 10.1002/jcc.21334                                         #
#                                                               #
# Please see http://vina.scripps.edu for more information.      #
#################################################################

WARNING: The search space volume > 27000 Angstrom^3 (See FAQ)
Output will be NovelLig1_5_out.pdbqt
Detected 8 CPUs
Reading input ... done.
Setting up the scoring function ... done.
Analyzing the binding site ... done.
Using random seed: -1752706752
Performing search ... done.
Refining results ... done.

mode |   affinity | dist from best mode
     | (kcal/mol) | rmsd l.b.| rmsd u.b.
-----+------------+----------+----------
   1         -9.1      0.000      0.000
   2         -8.4      5.527      6.863
   3         -8.2     24.226     26.981
   4         -8.1      4.301      8.030
   5         -7.9      5.082      7.873
   6         -7.8     19.383     21.934
   7         -7.2     36.678     40.267
   8         -7.2     38.652     42.621
   9         -6.8      5.756      8.261
  10         -6.6     39.915     44.022
  11         -6.5     31.057     33.855
  12         -6.1     16.863     18.705
  13         -6.1     38.391     41.071
  14         -6.1     23.441     26.241
  15         -6.1     31.092     33.151
  16         -6.1     15.747     17.523
  17         -6.1     20.174     22.406
  18         -6.1     23.843     26.350
  19         -6.0     45.416     47.321
  20         -5.8     44.277     46.076
Writing output ... done.
