#################################################################
# If you used AutoDock Vina in your work, please cite:          #
#                                                               #
# O. Trott, A. J. Olson,                                        #
# AutoDock Vina: improving the speed and accuracy of docking    #
# with a new scoring function, efficient optimization and       #
# multithreading, Journal of Computational Chemistry 31 (2010)  #
# 455-461                                                       #
#                                                               #
# DOI 10.1002/jcc.21334                                         #
#                                                               #
# Please see http://vina.scripps.edu for more information.      #
#################################################################

WARNING: The search space volume > 27000 Angstrom^3 (See FAQ)
Output will be NovelLig1_3_out.pdbqt
Detected 8 CPUs
Reading input ... done.
Setting up the scoring function ... done.
Analyzing the binding site ... done.
Using random seed: 1769633880
Performing search ... done.
Refining results ... done.

mode |   affinity | dist from best mode
     | (kcal/mol) | rmsd l.b.| rmsd u.b.
-----+------------+----------+----------
   1        -10.9      0.000      0.000
   2        -10.5      3.128      4.436
   3        -10.4      3.663      5.695
   4        -10.2      3.896      7.894
   5         -9.9     25.924     28.292
   6         -9.5      4.804      6.636
   7         -9.4      5.794      9.302
   8         -8.9      2.398      8.428
   9         -8.9     26.613     29.922
  10         -8.7      4.403      5.993
Writing output ... done.
